c:\users\gwakgh\source\repos\ch2-textrpgproject\ch2-textrpgproject\x64\debug\vc143.pdb
c:\users\gwakgh\source\repos\ch2-textrpgproject\ch2-textrpgproject\x64\debug\vc143.idb
c:\users\gwakgh\source\repos\ch2-textrpgproject\ch2-textrpgproject\x64\debug\npc.obj
c:\users\gwakgh\source\repos\ch2-textrpgproject\ch2-textrpgproject\x64\debug\main.obj
c:\users\gwakgh\source\repos\ch2-textrpgproject\ch2-textrpgproject\x64\debug\itembase.obj
c:\users\gwakgh\source\repos\ch2-textrpgproject\ch2-textrpgproject\x64\debug\inventorycomponent.obj
c:\users\gwakgh\source\repos\ch2-textrpgproject\ch2-textrpgproject\x64\debug\healthpotion.obj
c:\users\gwakgh\source\repos\ch2-textrpgproject\ch2-textrpgproject\x64\debug\goblin.obj
c:\users\gwakgh\source\repos\ch2-textrpgproject\ch2-textrpgproject\x64\debug\gameplayability.obj
c:\users\gwakgh\source\repos\ch2-textrpgproject\ch2-textrpgproject\x64\debug\fieldstate.obj
c:\users\gwakgh\source\repos\ch2-textrpgproject\ch2-textrpgproject\x64\debug\field.obj
c:\users\gwakgh\source\repos\ch2-textrpgproject\ch2-textrpgproject\x64\debug\enemy.obj
c:\users\gwakgh\source\repos\ch2-textrpgproject\ch2-textrpgproject\x64\debug\damgeutils.obj
c:\users\gwakgh\source\repos\ch2-textrpgproject\ch2-textrpgproject\x64\debug\consoleutils.obj
c:\users\gwakgh\source\repos\ch2-textrpgproject\ch2-textrpgproject\x64\debug\boss.obj
c:\users\gwakgh\source\repos\ch2-textrpgproject\ch2-textrpgproject\x64\debug\battlemanager.obj
c:\users\gwakgh\source\repos\ch2-textrpgproject\ch2-textrpgproject\x64\debug\basicattack.obj
c:\users\gwakgh\source\repos\ch2-textrpgproject\ch2-textrpgproject\x64\debug\attributeset.obj
c:\users\gwakgh\source\repos\ch2-textrpgproject\ch2-textrpgproject\x64\debug\actor.obj
c:\users\gwakgh\source\repos\ch2-textrpgproject\ch2-textrpgproject\x64\debug\abilitysystemcomponent.obj
c:\users\gwakgh\source\repos\ch2-textrpgproject\ch2-textrpgproject\x64\debug\player.obj
c:\users\gwakgh\source\repos\ch2-textrpgproject\ch2-textrpgproject\x64\debug\mainmenustate.obj
c:\users\gwakgh\source\repos\ch2-textrpgproject\ch2-textrpgproject\x64\debug\ch2-text.7ddcc350.tlog\cl.command.1.tlog
c:\users\gwakgh\source\repos\ch2-textrpgproject\ch2-textrpgproject\x64\debug\ch2-text.7ddcc350.tlog\cl.read.1.tlog
c:\users\gwakgh\source\repos\ch2-textrpgproject\ch2-textrpgproject\x64\debug\ch2-text.7ddcc350.tlog\cl.write.1.tlog
